<?xml version="1.0" encoding="UTF-8"?>
<coverage generated="1591103289023" clover="3.2.0">
  <project timestamp="1591103289023" name="All files">
    <metrics statements="27" coveredstatements="23" conditionals="4" coveredconditionals="4" methods="16" coveredmethods="12" elements="47" coveredelements="39" complexity="0" loc="27" ncloc="27" packages="2" files="3" classes="3"/>
    <package name="calculator">
      <metrics statements="7" coveredstatements="7" conditionals="0" coveredconditionals="0" methods="4" coveredmethods="4"/>
      <file name="calculator.js" path="C:\Users\mokha\Documents\JS\JS-10 - Unit Tests in JavaScript\js\calculator\calculator.js">
        <metrics statements="7" coveredstatements="7" conditionals="0" coveredconditionals="0" methods="4" coveredmethods="4"/>
        <line num="1" count="1" type="stmt"/>
        <line num="2" count="2" type="stmt"/>
        <line num="4" count="1" type="stmt"/>
        <line num="5" count="2" type="stmt"/>
        <line num="9" count="2" type="stmt"/>
        <line num="13" count="2" type="stmt"/>
        <line num="16" count="1" type="stmt"/>
      </file>
    </package>
    <package name="user">
      <metrics statements="20" coveredstatements="16" conditionals="4" coveredconditionals="4" methods="12" coveredmethods="8"/>
      <file name="user-controller.js" path="C:\Users\mokha\Documents\JS\JS-10 - Unit Tests in JavaScript\js\user\user-controller.js">
        <metrics statements="12" coveredstatements="12" conditionals="4" coveredconditionals="4" methods="7" coveredmethods="7"/>
        <line num="4" count="1" type="stmt"/>
        <line num="8" count="1" type="stmt"/>
        <line num="12" count="3" type="stmt"/>
        <line num="16" count="3" type="stmt"/>
        <line num="17" count="6" type="stmt"/>
        <line num="22" count="4" type="stmt"/>
        <line num="23" count="6" type="cond" truecount="2" falsecount="0"/>
        <line num="24" count="4" type="stmt"/>
        <line num="29" count="4" type="stmt"/>
        <line num="30" count="6" type="cond" truecount="2" falsecount="0"/>
        <line num="31" count="4" type="stmt"/>
        <line num="39" count="1" type="stmt"/>
      </file>
      <file name="user.js" path="C:\Users\mokha\Documents\JS\JS-10 - Unit Tests in JavaScript\js\user\user.js">
        <metrics statements="8" coveredstatements="4" conditionals="0" coveredconditionals="0" methods="5" coveredmethods="1"/>
        <line num="3" count="4" type="stmt"/>
        <line num="4" count="4" type="stmt"/>
        <line num="5" count="4" type="stmt"/>
        <line num="9" count="0" type="stmt"/>
        <line num="13" count="0" type="stmt"/>
        <line num="17" count="0" type="stmt"/>
        <line num="21" count="0" type="stmt"/>
        <line num="26" count="1" type="stmt"/>
      </file>
    </package>
  </project>
</coverage>
